٢٠٢٥-٠١-١٢ ٠٢:٣١:١٨,٠٢٨ INFO o.h.v.i.u.Version [background-preinit] HV000001: Hibernate Validator 6.2.3.Final
٢٠٢٥-٠١-١٢ ٠٢:٣١:١٨,٠٥١ INFO o.s.b.StartupInfoLogger [main] Starting RepairServiceApplication using Java 17.0.11 on NoteBook with PID 6196 (D:\PROJECT\projectVedio\backend\target\classes started by NoteBook in D:\PROJECT\projectVedio)
٢٠٢٥-٠١-١٢ ٠٢:٣١:١٨,٠٥٣ DEBUG o.s.b.StartupInfoLogger [main] Running with Spring Boot v2.7.0, Spring v5.3.20
٢٠٢٥-٠١-١٢ ٠٢:٣١:١٨,٠٥٥ INFO o.s.b.SpringApplication [main] No active profile set, falling back to 1 default profile: "default"
٢٠٢٥-٠١-١٢ ٠٢:٣١:١٩,٥٢٦ INFO o.s.d.r.c.RepositoryConfigurationDelegate [main] Bootstrapping Spring Data JPA repositories in DEFAULT mode.
٢٠٢٥-٠١-١٢ ٠٢:٣١:١٩,٦٨٤ INFO o.s.d.r.c.RepositoryConfigurationDelegate [main] Finished Spring Data repository scanning in 143 ms. Found 10 JPA repository interfaces.
٢٠٢٥-٠١-١٢ ٠٢:٣١:٢١,١١٣ INFO o.s.b.w.e.t.TomcatWebServer [main] Tomcat initialized with port(s): 8080 (http)
٢٠٢٥-٠١-١٢ ٠٢:٣١:٢١,١٣٢ INFO o.a.j.l.DirectJDKLog [main] Initializing ProtocolHandler ["http-nio-8080"]
٢٠٢٥-٠١-١٢ ٠٢:٣١:٢١,١٣٤ INFO o.a.j.l.DirectJDKLog [main] Starting service [Tomcat]
٢٠٢٥-٠١-١٢ ٠٢:٣١:٢١,١٣٥ INFO o.a.j.l.DirectJDKLog [main] Starting Servlet engine: [Apache Tomcat/9.0.63]
٢٠٢٥-٠١-١٢ ٠٢:٣١:٢١,٤٣٢ INFO o.a.j.l.DirectJDKLog [main] Initializing Spring embedded WebApplicationContext
٢٠٢٥-٠١-١٢ ٠٢:٣١:٢١,٤٣٢ INFO o.s.b.w.s.c.ServletWebServerApplicationContext [main] Root WebApplicationContext: initialization completed in 3287 ms
٢٠٢٥-٠١-١٢ ٠٢:٣١:٢١,٧٤٥ WARN o.s.b.a.o.j.JpaBaseConfiguration$JpaWebConfiguration [main] spring.jpa.open-in-view is enabled by default. Therefore, database queries may be performed during view rendering. Explicitly configure spring.jpa.open-in-view to disable this warning
٢٠٢٥-٠١-١٢ ٠٢:٣١:٢١,٨٤٦ INFO c.z.h.HikariDataSource [main] HikariPool-1 - Starting...
٢٠٢٥-٠١-١٢ ٠٢:٣١:٢٢,٥٥١ INFO c.z.h.HikariDataSource [main] HikariPool-1 - Start completed.
٢٠٢٥-٠١-١٢ ٠٢:٣١:٢٢,٧١٩ INFO o.h.j.i.u.LogHelper [main] HHH000204: Processing PersistenceUnitInfo [name: default]
٢٠٢٥-٠١-١٢ ٠٢:٣١:٢٣,١٢٤ INFO o.h.Version [main] HHH000412: Hibernate ORM core version 5.6.9.Final
٢٠٢٥-٠١-١٢ ٠٢:٣١:٢٣,٤٥٢ INFO o.h.a.c.r.j.JavaReflectionManager [main] HCANN000001: Hibernate Commons Annotations {5.1.2.Final}
٢٠٢٥-٠١-١٢ ٠٢:٣١:٢٣,٦٤٠ INFO o.h.d.Dialect [main] HHH000400: Using dialect: org.hibernate.dialect.MySQL8Dialect
٢٠٢٥-٠١-١٢ ٠٢:٣١:٢٥,١٣٩ INFO o.h.e.t.j.p.i.JtaPlatformInitiator [main] HHH000490: Using JtaPlatform implementation: [org.hibernate.engine.transaction.jta.platform.internal.NoJtaPlatform]
٢٠٢٥-٠١-١٢ ٠٢:٣١:٢٥,١٥٣ INFO o.s.o.j.AbstractEntityManagerFactoryBean [main] Initialized JPA EntityManagerFactory for persistence unit 'default'
٢٠٢٥-٠١-١٢ ٠٢:٣١:٢٥,٩١٨ DEBUG o.s.w.f.GenericFilterBean [main] Filter 'authenticationJwtTokenFilter' configured for use
٢٠٢٥-٠١-١٢ ٠٢:٣١:٢٧,٨٣٦ INFO o.s.s.w.DefaultSecurityFilterChain [main] Will secure any request with [org.springframework.security.web.session.DisableEncodeUrlFilter@1b84d03d, org.springframework.security.web.context.request.async.WebAsyncManagerIntegrationFilter@41d8ac75, org.springframework.security.web.context.SecurityContextPersistenceFilter@2111d7b9, org.springframework.security.web.header.HeaderWriterFilter@b1f36e5, org.springframework.web.filter.CorsFilter@1e1d813a, org.springframework.security.web.authentication.logout.LogoutFilter@63d14dbf, com.elcmal.security.jwt.AuthTokenFilter@670aac24, org.springframework.security.web.savedrequest.RequestCacheAwareFilter@260f05ee, org.springframework.security.web.servletapi.SecurityContextHolderAwareRequestFilter@6a8ab98f, org.springframework.security.web.authentication.AnonymousAuthenticationFilter@1964ef9, org.springframework.security.web.session.SessionManagementFilter@5ce0f50a, org.springframework.security.web.access.ExceptionTranslationFilter@3b8a063d, org.springframework.security.web.access.intercept.FilterSecurityInterceptor@258ac1e6]
٢٠٢٥-٠١-١٢ ٠٢:٣١:٢٨,١٣٨ WARN o.s.b.a.t.ThymeleafAutoConfiguration$DefaultTemplateResolverConfiguration [main] Cannot find template location: classpath:/templates/ (please add some templates or check your Thymeleaf configuration)
٢٠٢٥-٠١-١٢ ٠٢:٣١:٢٨,٣٤١ INFO o.a.j.l.DirectJDKLog [main] Starting ProtocolHandler ["http-nio-8080"]
٢٠٢٥-٠١-١٢ ٠٢:٣١:٢٨,٤٠٤ INFO o.s.b.w.e.t.TomcatWebServer [main] Tomcat started on port(s): 8080 (http) with context path ''
٢٠٢٥-٠١-١٢ ٠٢:٣١:٢٨,٤١٩ INFO o.s.b.StartupInfoLogger [main] Started RepairServiceApplication in 11.314 seconds (JVM running for 12.283)
٢٠٢٥-٠١-١٢ ٠٢:٣٦:٤٤,٠٥٥ INFO o.a.j.l.DirectJDKLog [http-nio-8080-exec-3] Initializing Spring DispatcherServlet 'dispatcherServlet'
٢٠٢٥-٠١-١٢ ٠٢:٣٦:٤٤,٠٥٥ INFO o.s.w.s.FrameworkServlet [http-nio-8080-exec-3] Initializing Servlet 'dispatcherServlet'
٢٠٢٥-٠١-١٢ ٠٢:٣٦:٤٤,٠٥٨ INFO o.s.w.s.FrameworkServlet [http-nio-8080-exec-3] Completed initialization in 3 ms
٢٠٢٥-٠١-١٢ ٠٣:١١:٠٦,٤٦٥ WARN o.h.e.j.s.SqlExceptionHelper [http-nio-8080-exec-3] SQL Error: 1452, SQLState: 23000
٢٠٢٥-٠١-١٢ ٠٣:١١:٠٦,٤٦٦ ERROR o.h.e.j.s.SqlExceptionHelper [http-nio-8080-exec-3] Cannot add or update a child row: a foreign key constraint fails (`maintenance_center`.`vendors`, CONSTRAINT `FK8uukrj59bcwbx30w2g9r3m2jy` FOREIGN KEY (`category_id`) REFERENCES `categories` (`id`))
٢٠٢٥-٠١-١٢ ٠٣:١٣:٣٧,٩٢٠ WARN o.h.e.j.s.SqlExceptionHelper [http-nio-8080-exec-5] SQL Error: 1452, SQLState: 23000
٢٠٢٥-٠١-١٢ ٠٣:١٣:٣٧,٩٢٠ ERROR o.h.e.j.s.SqlExceptionHelper [http-nio-8080-exec-5] Cannot add or update a child row: a foreign key constraint fails (`maintenance_center`.`products`, CONSTRAINT `FKs6kdu75k7ub4s95ydsr52p59s` FOREIGN KEY (`vendor_id`) REFERENCES `vendors` (`id`))
٢٠٢٥-٠١-١٢ ٠٣:١٣:٤٦,٦٢٢ WARN o.h.e.j.s.SqlExceptionHelper [http-nio-8080-exec-2] SQL Error: 1452, SQLState: 23000
٢٠٢٥-٠١-١٢ ٠٣:١٣:٤٦,٦٢٢ ERROR o.h.e.j.s.SqlExceptionHelper [http-nio-8080-exec-2] Cannot add or update a child row: a foreign key constraint fails (`maintenance_center`.`products`, CONSTRAINT `FKs6kdu75k7ub4s95ydsr52p59s` FOREIGN KEY (`vendor_id`) REFERENCES `vendors` (`id`))
٢٠٢٥-٠١-١٢ ٠٣:١٥:١٨,٥٧٠ INFO o.s.o.j.AbstractEntityManagerFactoryBean [SpringApplicationShutdownHook] Closing JPA EntityManagerFactory for persistence unit 'default'
٢٠٢٥-٠١-١٢ ٠٣:١٥:١٨,٥٧٥ INFO c.z.h.HikariDataSource [SpringApplicationShutdownHook] HikariPool-1 - Shutdown initiated...
٢٠٢٥-٠١-١٢ ٠٣:١٥:١٨,٥٨٤ INFO c.z.h.HikariDataSource [SpringApplicationShutdownHook] HikariPool-1 - Shutdown completed.
